<?xml version="1.0" encoding="UTF-8"?>
<testng-results skipped="0" failed="2" total="4" passed="2">
  <reporter-output>
    <line>
      <![CDATA[<a href='C:\Users\Lenovo\git\Sudharepositorylocal\SudhakarProject\target\surefire-reports\failure_screenshots\verifysentmessage_11_10_2020_08_36_37.png'> <img src='C:\Users\Lenovo\git\Sudharepositorylocal\SudhakarProject\target\surefire-reports\failure_screenshots\verifysentmessage_11_10_2020_08_36_37.png' height='100' width='100'/> </a>]]>
    </line>
    <line>
      <![CDATA[<a href='C:\Users\Lenovo\git\Sudharepositorylocal\SudhakarProject\target\surefire-reports\failure_screenshots\verifysentmessage_11_10_2020_08_36_39.png'> <img src='C:\Users\Lenovo\git\Sudharepositorylocal\SudhakarProject\target\surefire-reports\failure_screenshots\verifysentmessage_11_10_2020_08_36_39.png' height='100' width='100'/> </a>]]>
    </line>
    <line>
      <![CDATA[<a href='C:\Users\Lenovo\git\Sudharepositorylocal\SudhakarProject\target\surefire-reports\failure_screenshots\verifysentmessage_11_10_2020_08_36_41.png'> <img src='C:\Users\Lenovo\git\Sudharepositorylocal\SudhakarProject\target\surefire-reports\failure_screenshots\verifysentmessage_11_10_2020_08_36_41.png' height='100' width='100'/> </a>]]>
    </line>
  </reporter-output>
  <suite name="automationpractice" duration-ms="59186" started-at="2020-10-11T03:06:21Z" finished-at="2020-10-11T03:07:20Z">
    <groups>
      <group name="regression">
        <method signature="Womens.additemtocartthroughquickview()[pri:0, instance:com.automationpractice.testcases.Womens@71c8becc]" name="additemtocartthroughquickview" class="com.automationpractice.testcases.Womens"/>
      </group> <!-- regression -->
      <group name="smoke">
        <method signature="ContactUs.verifysentmessage()[pri:0, instance:com.automationpractice.testcases.ContactUs@2aa5fe93]" name="verifysentmessage" class="com.automationpractice.testcases.ContactUs"/>
        <method signature="Womens.addtocartitemwithcartbutton()[pri:0, instance:com.automationpractice.testcases.Womens@71c8becc]" name="addtocartitemwithcartbutton" class="com.automationpractice.testcases.Womens"/>
      </group> <!-- smoke -->
    </groups>
    <test name="RegressionTesting" duration-ms="59186" started-at="2020-10-11T03:06:21Z" finished-at="2020-10-11T03:07:20Z">
      <class name="com.automationpractice.testcases.Womens">
        <test-method status="PASS" signature="tshirtpage()[pri:0, instance:com.automationpractice.testcases.Womens@71c8becc]" name="tshirtpage" is-config="true" duration-ms="2532" started-at="2020-10-11T08:36:41Z" finished-at="2020-10-11T08:36:44Z">
          <reporter-output>
          </reporter-output>
        </test-method> <!-- tshirtpage -->
        <test-method status="PASS" signature="additemtocartthroughquickview()[pri:0, instance:com.automationpractice.testcases.Womens@71c8becc]" name="additemtocartthroughquickview" duration-ms="6956" started-at="2020-10-11T08:36:44Z" finished-at="2020-10-11T08:36:51Z">
          <reporter-output>
          </reporter-output>
        </test-method> <!-- additemtocartthroughquickview -->
        <test-method status="PASS" signature="addtocartitemwithcartbutton()[pri:0, instance:com.automationpractice.testcases.Womens@71c8becc]" name="addtocartitemwithcartbutton" duration-ms="28250" started-at="2020-10-11T08:36:51Z" finished-at="2020-10-11T08:37:19Z">
          <reporter-output>
          </reporter-output>
        </test-method> <!-- addtocartitemwithcartbutton -->
      </class> <!-- com.automationpractice.testcases.Womens -->
      <class name="com.automationpractice.testcases.ContactUs">
        <test-method status="PASS" signature="setup(java.lang.String)[pri:0, instance:com.automationpractice.testcases.ContactUs@2aa5fe93]" name="setup" is-config="true" duration-ms="13315" started-at="2020-10-11T08:36:21Z" finished-at="2020-10-11T08:36:34Z">
          <params>
            <param index="0">
              <value>
                <![CDATA[chrome]]>
              </value>
            </param>
          </params>
          <reporter-output>
          </reporter-output>
        </test-method> <!-- setup -->
        <test-method status="FAIL" signature="verifysentmessage()[pri:0, instance:com.automationpractice.testcases.ContactUs@2aa5fe93]" name="verifysentmessage" duration-ms="1672" started-at="2020-10-11T08:36:37Z" finished-at="2020-10-11T08:36:39Z">
          <exception class="java.lang.NullPointerException">
            <full-stacktrace>
              <![CDATA[java.lang.NullPointerException
	at com.selenium.businesscripts.Reusable.dropdownselection(Reusable.java:111)
	at com.automationpractice.testcases.ContactUs.verifysentmessage(ContactUs.java:21)
	at sun.reflect.NativeMethodAccessorImpl.invoke0(Native Method)
	at sun.reflect.NativeMethodAccessorImpl.invoke(NativeMethodAccessorImpl.java:62)
	at sun.reflect.DelegatingMethodAccessorImpl.invoke(DelegatingMethodAccessorImpl.java:43)
	at java.lang.reflect.Method.invoke(Method.java:498)
	at org.testng.internal.MethodInvocationHelper.invokeMethod(MethodInvocationHelper.java:85)
	at org.testng.internal.Invoker.invokeMethod(Invoker.java:663)
	at org.testng.internal.Invoker.retryFailed(Invoker.java:995)
	at org.testng.internal.Invoker.invokeTestMethods(Invoker.java:1175)
	at org.testng.internal.TestMethodWorker.invokeTestMethods(TestMethodWorker.java:124)
	at org.testng.internal.TestMethodWorker.run(TestMethodWorker.java:108)
	at org.testng.TestRunner.privateRun(TestRunner.java:771)
	at org.testng.TestRunner.run(TestRunner.java:621)
	at org.testng.SuiteRunner.runTest(SuiteRunner.java:357)
	at org.testng.SuiteRunner.runSequentially(SuiteRunner.java:352)
	at org.testng.SuiteRunner.privateRun(SuiteRunner.java:310)
	at org.testng.SuiteRunner.run(SuiteRunner.java:259)
	at org.testng.SuiteRunnerWorker.runSuite(SuiteRunnerWorker.java:52)
	at org.testng.SuiteRunnerWorker.run(SuiteRunnerWorker.java:86)
	at org.testng.TestNG.runSuitesSequentially(TestNG.java:1200)
	at org.testng.TestNG.runSuitesLocally(TestNG.java:1125)
	at org.testng.TestNG.run(TestNG.java:1033)
	at org.testng.remote.RemoteTestNG.run(RemoteTestNG.java:111)
	at org.testng.remote.RemoteTestNG.initAndRun(RemoteTestNG.java:204)
	at org.testng.remote.RemoteTestNG.main(RemoteTestNG.java:175)
]]>
            </full-stacktrace>
          </exception> <!-- java.lang.NullPointerException -->
          <reporter-output>
            <line>
              <![CDATA[<a href='C:\Users\Lenovo\git\Sudharepositorylocal\SudhakarProject\target\surefire-reports\failure_screenshots\verifysentmessage_11_10_2020_08_36_39.png'> <img src='C:\Users\Lenovo\git\Sudharepositorylocal\SudhakarProject\target\surefire-reports\failure_screenshots\verifysentmessage_11_10_2020_08_36_39.png' height='100' width='100'/> </a>]]>
            </line>
          </reporter-output>
        </test-method> <!-- verifysentmessage -->
        <test-method status="FAIL" signature="verifysentmessage()[pri:0, instance:com.automationpractice.testcases.ContactUs@2aa5fe93]" name="verifysentmessage" duration-ms="1430" started-at="2020-10-11T08:36:39Z" finished-at="2020-10-11T08:36:41Z">
          <exception class="java.lang.NullPointerException">
            <full-stacktrace>
              <![CDATA[java.lang.NullPointerException
	at com.selenium.businesscripts.Reusable.dropdownselection(Reusable.java:111)
	at com.automationpractice.testcases.ContactUs.verifysentmessage(ContactUs.java:21)
	at sun.reflect.NativeMethodAccessorImpl.invoke0(Native Method)
	at sun.reflect.NativeMethodAccessorImpl.invoke(NativeMethodAccessorImpl.java:62)
	at sun.reflect.DelegatingMethodAccessorImpl.invoke(DelegatingMethodAccessorImpl.java:43)
	at java.lang.reflect.Method.invoke(Method.java:498)
	at org.testng.internal.MethodInvocationHelper.invokeMethod(MethodInvocationHelper.java:85)
	at org.testng.internal.Invoker.invokeMethod(Invoker.java:663)
	at org.testng.internal.Invoker.retryFailed(Invoker.java:995)
	at org.testng.internal.Invoker.invokeTestMethods(Invoker.java:1175)
	at org.testng.internal.TestMethodWorker.invokeTestMethods(TestMethodWorker.java:124)
	at org.testng.internal.TestMethodWorker.run(TestMethodWorker.java:108)
	at org.testng.TestRunner.privateRun(TestRunner.java:771)
	at org.testng.TestRunner.run(TestRunner.java:621)
	at org.testng.SuiteRunner.runTest(SuiteRunner.java:357)
	at org.testng.SuiteRunner.runSequentially(SuiteRunner.java:352)
	at org.testng.SuiteRunner.privateRun(SuiteRunner.java:310)
	at org.testng.SuiteRunner.run(SuiteRunner.java:259)
	at org.testng.SuiteRunnerWorker.runSuite(SuiteRunnerWorker.java:52)
	at org.testng.SuiteRunnerWorker.run(SuiteRunnerWorker.java:86)
	at org.testng.TestNG.runSuitesSequentially(TestNG.java:1200)
	at org.testng.TestNG.runSuitesLocally(TestNG.java:1125)
	at org.testng.TestNG.run(TestNG.java:1033)
	at org.testng.remote.RemoteTestNG.run(RemoteTestNG.java:111)
	at org.testng.remote.RemoteTestNG.initAndRun(RemoteTestNG.java:204)
	at org.testng.remote.RemoteTestNG.main(RemoteTestNG.java:175)
]]>
            </full-stacktrace>
          </exception> <!-- java.lang.NullPointerException -->
          <reporter-output>
            <line>
              <![CDATA[<a href='C:\Users\Lenovo\git\Sudharepositorylocal\SudhakarProject\target\surefire-reports\failure_screenshots\verifysentmessage_11_10_2020_08_36_41.png'> <img src='C:\Users\Lenovo\git\Sudharepositorylocal\SudhakarProject\target\surefire-reports\failure_screenshots\verifysentmessage_11_10_2020_08_36_41.png' height='100' width='100'/> </a>]]>
            </line>
          </reporter-output>
        </test-method> <!-- verifysentmessage -->
        <test-method status="PASS" signature="tearDown()[pri:0, instance:com.automationpractice.testcases.ContactUs@2aa5fe93]" name="tearDown" is-config="true" duration-ms="1285" started-at="2020-10-11T08:37:19Z" finished-at="2020-10-11T08:37:20Z">
          <reporter-output>
          </reporter-output>
        </test-method> <!-- tearDown -->
      </class> <!-- com.automationpractice.testcases.ContactUs -->
    </test> <!-- RegressionTesting -->
  </suite> <!-- automationpractice -->
</testng-results>
